Looking for git in: git
Using git 2.11.0 from git
> git rev-parse --show-toplevel
> git rev-parse --git-dir
Open repository: /home/moragascatalina
> git status -z -u
> git check-ignore -v -z --stdin
> git show :NYSL/info_game.html
> git ls-files --stage -- /home/moragascatalina/NYSL/info_game.html
> git check-ignore -v -z --stdin
> git symbolic-ref --short HEAD
> git rev-parse master
fatal: ambiguous argument 'master': unknown revision or path not in the working tree.
Use '--' to separate paths from revisions, like this:
'git <command> [<revision>...] -- [<file>...]'
> git for-each-ref --format %(refname) %(objectname) --sort -committerdate
> git remote --verbose
> git config --get commit.template
> git check-ignore -v -z --stdin
> git show :NYSL/about.html
> git ls-files --stage -- /home/moragascatalina/NYSL/about.html
> git show :NYSL/info_game.html
> git ls-files --stage -- /home/moragascatalina/NYSL/info_game.html
> git show :NYSL/contact.html
> git ls-files --stage -- /home/moragascatalina/NYSL/contact.html
> git ls-files --stage -- /home/moragascatalina/NYSL/contact.html
> git show :NYSL/contact.html
> git ls-files --stage -- /home/moragascatalina/NYSL/contact.html
> git show :NYSL/contact.html
> git ls-files --stage -- /home/moragascatalina/NYSL/contact.html
> git cat-file -s fbdcf6d6e240c150a2e78cbe03c282d7d05941ed
> git show :NYSL/contact.html
> git ls-files --stage -- /home/moragascatalina/NYSL/contact.html
> git cat-file -s fbdcf6d6e240c150a2e78cbe03c282d7d05941ed
> git show :NYSL/contact.html
> git ls-files --stage -- /home/moragascatalina/NYSL/contact.html
> git cat-file -s fbdcf6d6e240c150a2e78cbe03c282d7d05941ed
> git show :NYSL/contact.html
> git log --format=%H%n%aN%n%aE%n%at%n%ct%n%P%n%B -z -n21 -- /home/moragascatalina/.Xauthority
> git check-ignore -v -z --stdin
> git check-ignore -v -z --stdin
> git show :.bash_history
> git ls-files --stage -- /home/moragascatalina/.bash_history
> git show :.bash_history
> git ls-files --stage -- /home/moragascatalina/.bash_history
> git show :NYSL/contact.html
> git ls-files --stage -- /home/moragascatalina/NYSL/contact.html
> git cat-file -s fbdcf6d6e240c150a2e78cbe03c282d7d05941ed
> git show :NYSL/info_game.html
> git ls-files --stage -- /home/moragascatalina/NYSL/info_game.html
> git cat-file -s d762c937a486c6c5f05dd7284d1fff2c6ff3e32b
> git ls-files --stage -- /home/moragascatalina/NYSL/info_game.html
> git cat-file -s d762c937a486c6c5f05dd7284d1fff2c6ff3e32b
> git show :NYSL/info_game.html
